<?xml version="1.0" encoding="UTF-8"?>
<testsuite xmlns:xsi="http://www.w3.org/2001/XMLSchema-instance" xsi:noNamespaceSchemaLocation="https://maven.apache.org/surefire/maven-surefire-plugin/xsd/surefire-test-report.xsd" version="3.0.2" name="de.fundrays.repository.OrganizationSettingsRepositoryTest" time="0.017" tests="3" errors="0" skipped="0" failures="0">
  <properties>
[...]
</properties>
  <testcase name="load_returnsEmptyWhenNotConfigured" classname="de.fundrays.repository.OrganizationSettingsRepositoryTest" time="0.006"/>
  <testcase name="load_returnsSettingsWhenPresent" classname="de.fundrays.repository.OrganizationSettingsRepositoryTest" time="0.002"/>
  <testcase name="load_alwaysReturnsSingletonRow" classname="de.fundrays.repository.OrganizationSettingsRepositoryTest" time="0.006"/>
</testsuite>