<?xml version="1.0" encoding="UTF-8"?>
<testsuite xmlns:xsi="http://www.w3.org/2001/XMLSchema-instance" xsi:noNamespaceSchemaLocation="https://maven.apache.org/surefire/maven-surefire-plugin/xsd/surefire-test-report.xsd" version="3.0.2" name="de.fundrays.GreetingResourceTest" time="3.078" tests="1" errors="0" skipped="0" failures="0">
  <properties>
[...]
</properties>
  <testcase name="testHelloEndpoint" classname="de.fundrays.GreetingResourceTest" time="0.619">
    <system-out><![CDATA[2026-05-25 12:57:08,299 INFO  [io.quarkus.smallrye.jwt.deployment.SmallryeJwtDevModeProcessor] (build-5) The smallrye-jwt extension has configured an in-memory key pair, which is not enabled in production. Please ensure the correct keys/locations are set in production to avoid potential issues.
2026-05-25 12:57:08,363 INFO  [org.testcontainers.DockerClientFactory] (build-9) Testcontainers version: 2.0.5
2026-05-25 12:57:08,536 INFO  [org.testcontainers.dockerclient.DockerClientProviderStrategy] (build-9) Loaded org.testcontainers.dockerclient.UnixSocketClientProviderStrategy from ~/.testcontainers.properties, will try it first
2026-05-25 12:57:09,202 WARN  [io.quarkiverse.renarde.deployment.RenardeProcessor] (build-5) Locale en is declared in 'quarkus.locales' but no matching messages_en.properties resource file found
2026-05-25 12:57:09,271 INFO  [org.testcontainers.dockerclient.DockerClientProviderStrategy] (build-9) Found Docker environment with local Unix socket (unix:///var/run/docker.sock)
2026-05-25 12:57:09,273 INFO  [org.testcontainers.DockerClientFactory] (build-9) Docker host IP address is localhost
2026-05-25 12:57:09,288 INFO  [org.testcontainers.DockerClientFactory] (build-9) Connected to docker: 
  Server Version: 29.4.3
  API Version: 1.54
  Operating System: Docker Desktop
  Total Memory: 7936 MB
  Labels: 
    com.docker.desktop.address=unix:///Users/markus/Library/Containers/com.docker.docker/Data/docker-cli.sock
2026-05-25 12:57:09,294 INFO  [org.testcontainers.images.PullPolicy] (build-9) Image pull policy will be performed by: DefaultPullPolicy()
2026-05-25 12:57:09,295 INFO  [org.testcontainers.utility.ImageNameSubstitutor] (build-9) Image name substitution will be performed by: DefaultImageNameSubstitutor (composite of 'ConfigurationFileImageNameSubstitutor' and 'PrefixingImageNameSubstitutor')
2026-05-25 12:57:09,300 INFO  [org.testcontainers.DockerClientFactory] (build-9) Checking the system...
2026-05-25 12:57:09,301 INFO  [org.testcontainers.DockerClientFactory] (build-9) ✔︎ Docker server version should be at least 1.6.0
2026-05-25 12:57:10,048 INFO  [tc.docker.io/library/postgres:18] (ForkJoinPool.commonPool-worker-1) Creating container for image: docker.io/library/postgres:18
2026-05-25 12:57:10,168 INFO  [org.testcontainers.utility.RegistryAuthLocator] (ForkJoinPool.commonPool-worker-1) Credential helper/store (docker-credential-desktop) does not have credentials for docker.io
2026-05-25 12:57:10,258 INFO  [tc.docker.io/library/postgres:18] (ForkJoinPool.commonPool-worker-1) Container docker.io/library/postgres:18 is starting: 6ecbdd9212a767a6fb13c6ce15dd0023ebeed2083eb2f194bd0fa4d003a4717a
2026-05-25 12:57:11,131 INFO  [tc.docker.io/library/postgres:18] (ForkJoinPool.commonPool-worker-1) Container docker.io/library/postgres:18 started in PT1.082255S
2026-05-25 12:57:11,131 INFO  [tc.docker.io/library/postgres:18] (ForkJoinPool.commonPool-worker-1) Container is started (JDBC URL: jdbc:postgresql://localhost:52485/quarkus?loggerLevel=OFF)
2026-05-25 12:57:11,132 INFO  [io.quarkus.datasource.deployment.devservices.DevServicesDatasourceProcessor] (ForkJoinPool.commonPool-worker-1) Dev Services for default datasource (postgresql) started - container ID is 6ecbdd9212a7
2026-05-25 12:57:11,272 INFO  [org.hibernate.orm.jpa] (main) HHH008540: Processing PersistenceUnitInfo [name: <default>]
2026-05-25 12:57:11,353 INFO  [org.hibernate.orm.core] (main) HHH000001: Hibernate ORM core version 7.3.4.Final
2026-05-25 12:57:11,470 INFO  [org.hibernate.orm.connections.pooling] (main) HHH10001005: Database info:
	Database JDBC URL [undefined/unknown]
	Database driver: undefined/unknown
	Database dialect: PostgreSQLDialect
	Database version: 13.0
	Default catalog/schema: unknown/unknown
	Autocommit mode: undefined/unknown
	Isolation level: <unknown>
	JDBC fetch size: undefined/unknown
	Pool: undefined/unknown
	Minimum pool size: undefined/unknown
	Maximum pool size: undefined/unknown
2026-05-25 12:57:11,572 INFO  [org.hibernate.validator.internal.util.Version] (main) HV000001: Hibernate Validator 9.1.0.Final
2026-05-25 12:57:11,679 WARN  [io.quarkus.config] (main) Unrecognized configuration key "quarkus.hibernate-orm.import-files" was provided; it will be ignored; verify that the dependency extension for this configuration is set or that you did not make a typo
2026-05-25 12:57:11,763 WARN  [io.quarkus.config] (main) The "quarkus.hibernate-orm.database.generation" config property is deprecated and should not be used anymore.
2026-05-25 12:57:12,459 INFO  [io.quarkus] (main) fundrays 1.0.0-SNAPSHOT on JVM (powered by Quarkus 3.35.4) started in 5.005s. Listening on: http://localhost:8081
2026-05-25 12:57:12,459 INFO  [io.quarkus] (main) Profile test activated. 
2026-05-25 12:57:12,459 INFO  [io.quarkus] (main) Installed features: [agroal, cdi, compose, hibernate-orm, hibernate-orm-panache, hibernate-validator, jdbc-postgresql, narayana-jta, qute, renarde, rest, rest-csrf, rest-jackson, rest-qute, security, security-jpa, smallrye-context-propagation, smallrye-health, smallrye-jwt, smallrye-openapi, swagger-ui, vertx]
]]></system-out>
  </testcase>
</testsuite>